\BOOKMARK [1][-]{section*.1}{中文摘要}{}% 1
\BOOKMARK [1][-]{section*.2}{ABSTRACT}{}% 2
\BOOKMARK [1][-]{section.1}{前言}{}% 3
\BOOKMARK [1][-]{section.2}{背景}{}% 4
\BOOKMARK [2][-]{subsection.2.1}{文本验证码系统}{section.2}% 5
\BOOKMARK [2][-]{subsection.2.2}{声音验证码系统}{section.2}% 6
\BOOKMARK [2][-]{subsection.2.3}{图像验证码系统}{section.2}% 7
\BOOKMARK [1][-]{section.3}{图片验证码自增长系统设计}{}% 8
\BOOKMARK [2][-]{subsection.3.1}{思路}{section.3}% 9
\BOOKMARK [3][-]{subsubsection.3.1.1}{reCAPTCHA系统}{subsection.3.1}% 10
\BOOKMARK [3][-]{subsubsection.3.1.2}{图片验证码的自学习与reCAPTCHA系统差异}{subsection.3.1}% 11
\BOOKMARK [3][-]{subsubsection.3.1.3}{自增长策略}{subsection.3.1}% 12
\BOOKMARK [2][-]{subsection.3.2}{设计}{section.3}% 13
\BOOKMARK [3][-]{subsubsection.3.2.1}{手动输入}{subsection.3.2}% 14
\BOOKMARK [3][-]{subsubsection.3.2.2}{适应人类}{subsection.3.2}% 15
\BOOKMARK [3][-]{subsubsection.3.2.3}{图片爬虫}{subsection.3.2}% 16
\BOOKMARK [3][-]{subsubsection.3.2.4}{图片分割}{subsection.3.2}% 17
\BOOKMARK [3][-]{subsubsection.3.2.5}{图像预识别}{subsection.3.2}% 18
\BOOKMARK [3][-]{subsubsection.3.2.6}{验证码生成}{subsection.3.2}% 19
\BOOKMARK [3][-]{subsubsection.3.2.7}{置信标签修改}{subsection.3.2}% 20
\BOOKMARK [3][-]{subsubsection.3.2.8}{Web 服务}{subsection.3.2}% 21
\BOOKMARK [1][-]{section.4}{图片验证码自增长系统分设计析}{}% 22
\BOOKMARK [2][-]{subsection.4.1}{可用性}{section.4}% 23
\BOOKMARK [2][-]{subsection.4.2}{安全性}{section.4}% 24
\BOOKMARK [3][-]{subsubsection.4.2.1}{基于机器学习的攻击}{subsection.4.2}% 25
\BOOKMARK [3][-]{subsubsection.4.2.2}{随机猜测攻击}{subsection.4.2}% 26
\BOOKMARK [3][-]{subsubsection.4.2.3}{基于静态资源名称攻击}{subsection.4.2}% 27
\BOOKMARK [3][-]{subsubsection.4.2.4}{基于图片纹理攻击}{subsection.4.2}% 28
\BOOKMARK [1][-]{section.5}{图片验证码自增长系统评估}{}% 29
\BOOKMARK [2][-]{subsection.5.1}{实现例子}{section.5}% 30
\BOOKMARK [2][-]{subsection.5.2}{用户研究}{section.5}% 31
\BOOKMARK [3][-]{subsubsection.5.2.1}{时间统计}{subsection.5.2}% 32
\BOOKMARK [3][-]{subsubsection.5.2.2}{精确度统计}{subsection.5.2}% 33
\BOOKMARK [3][-]{subsubsection.5.2.3}{娱乐性和易用性}{subsection.5.2}% 34
\BOOKMARK [3][-]{subsubsection.5.2.4}{自增长策略}{subsection.5.2}% 35
\BOOKMARK [1][-]{section.6}{存在问题和改进空间}{}% 36
\BOOKMARK [1][-]{section.7}{总结}{}% 37
\BOOKMARK [1][-]{section*.22}{参考文献}{}% 38
